2025-05-14 01:48:00,572 - trading - INFO - Логгер 'trading_activity' успешно настроен.
2025-05-14 02:15:09,240 - trading - INFO - Логгер 'trading_activity' успешно настроен.
2025-05-14 02:29:24,371 - trading - INFO - Логгер 'trading_activity' успешно настроен.
2025-05-14 02:29:59,599 - trading - INFO - Профиль DOGEUSDT: RSI(14): 44.10, MACD(8,21,9): -0.000327/-0.000228, Цена: 0.239420 → нет сигнала
2025-05-14 02:30:59,526 - trading - INFO - Профиль DOGEUSDT: RSI(14): 37.66, MACD(8,21,9): -0.000399/-0.000263, Цена: 0.238710 → нет сигнала
2025-05-14 02:31:59,524 - trading - INFO - Профиль DOGEUSDT: RSI(14): 39.67, MACD(8,21,9): -0.000423/-0.000295, Цена: 0.238860 → нет сигнала
2025-05-14 02:32:59,531 - trading - INFO - Профиль DOGEUSDT: RSI(14): 44.53, MACD(8,21,9): -0.000381/-0.000312, Цена: 0.239240 → нет сигнала
2025-05-14 02:33:59,523 - trading - INFO - Профиль DOGEUSDT: RSI(14): 49.38, MACD(8,21,9): -0.000289/-0.000307, Цена: 0.239660 → нет сигнала
2025-05-14 02:34:59,523 - trading - INFO - Профиль DOGEUSDT: RSI(14): 53.55, MACD(8,21,9): -0.000165/-0.000279, Цена: 0.240060 → нет сигнала
2025-05-14 02:35:59,518 - trading - INFO - Профиль DOGEUSDT: RSI(14): 54.66, MACD(8,21,9): -0.000060/-0.000235, Цена: 0.240170 → нет сигнала
2025-05-14 02:36:59,523 - trading - INFO - Профиль DOGEUSDT: RSI(14): 55.28, MACD(8,21,9): 0.000023/-0.000183, Цена: 0.240230 → нет сигнала
2025-05-14 02:37:59,511 - trading - INFO - Профиль DOGEUSDT: RSI(14): 54.74, MACD(8,21,9): 0.000077/-0.000131, Цена: 0.240190 → нет сигнала
2025-05-14 02:38:59,512 - trading - INFO - Профиль DOGEUSDT: RSI(14): 48.02, MACD(8,21,9): 0.000043/-0.000096, Цена: 0.239660 → нет сигнала
2025-05-14 02:39:53,085 - trading - INFO - Логгер 'trading_activity' успешно настроен.
2025-05-14 02:40:12,521 - trading - INFO - Логгер 'trading_activity' успешно настроен.
2025-05-14 02:40:59,445 - trading - INFO - Профиль XRPUSDT: RSI(14): 41.03, MACD(8,21,9): -0.001263/-0.001176, Цена: 2.569500 → нет сигнала
2025-05-14 02:41:59,465 - trading - INFO - Профиль XRPUSDT: RSI(14): 36.83, MACD(8,21,9): -0.001865/-0.001314, Цена: 2.566600 → нет сигнала
2025-05-14 02:42:59,445 - trading - INFO - Профиль XRPUSDT: RSI(14): 39.37, MACD(8,21,9): -0.002108/-0.001473, Цена: 2.567700 → нет сигнала
2025-05-14 02:43:59,453 - trading - INFO - Профиль XRPUSDT: RSI(14): 34.61, MACD(8,21,9): -0.002698/-0.001718, Цена: 2.564200 → нет сигнала
2025-05-14 02:44:59,453 - trading - INFO - Профиль XRPUSDT: RSI(14): 35.57, MACD(8,21,9): -0.003007/-0.001976, Цена: 2.564600 → нет сигнала
2025-05-14 02:45:59,435 - trading - INFO - Профиль XRPUSDT: RSI(14): 36.32, MACD(8,21,9): -0.003126/-0.002206, Цена: 2.564900 → нет сигнала
2025-05-14 02:46:59,443 - trading - INFO - Профиль XRPUSDT: RSI(14): 38.89, MACD(8,21,9): -0.003015/-0.002368, Цена: 2.565900 → нет сигнала
2025-05-14 02:47:59,435 - trading - INFO - Профиль XRPUSDT: RSI(14): 34.54, MACD(8,21,9): -0.003257/-0.002546, Цена: 2.563000 → нет сигнала
2025-05-14 02:48:59,438 - trading - INFO - Профиль XRPUSDT: RSI(14): 35.08, MACD(8,21,9): -0.003336/-0.002704, Цена: 2.563200 → нет сигнала
2025-05-14 02:49:59,429 - trading - INFO - Профиль XRPUSDT: RSI(14): 47.63, MACD(8,21,9): -0.002615/-0.002686, Цена: 2.568600 → нет сигнала
2025-05-14 02:50:59,436 - trading - INFO - Профиль XRPUSDT: RSI(14): 47.83, MACD(8,21,9): -0.002040/-0.002557, Цена: 2.568700 → нет сигнала
2025-05-14 02:51:59,438 - trading - INFO - Профиль XRPUSDT: RSI(14): 54.59, MACD(8,21,9): -0.001119/-0.002269, Цена: 2.572300 → нет сигнала
2025-05-14 02:52:59,421 - trading - INFO - Профиль XRPUSDT: RSI(14): 50.84, MACD(8,21,9): -0.000695/-0.001954, Цена: 2.570400 → нет сигнала
2025-05-14 02:53:59,424 - trading - INFO - Профиль XRPUSDT: RSI(14): 42.85, MACD(8,21,9): -0.001011/-0.001766, Цена: 2.565600 → нет сигнала
2025-05-14 02:54:59,428 - trading - INFO - Профиль XRPUSDT: RSI(14): 44.03, MACD(8,21,9): -0.001135/-0.001640, Цена: 2.566200 → нет сигнала
2025-05-14 02:55:59,420 - trading - INFO - Профиль XRPUSDT: RSI(14): 42.00, MACD(8,21,9): -0.001371/-0.001586, Цена: 2.564900 → нет сигнала
2025-05-14 02:56:59,419 - trading - INFO - Профиль XRPUSDT: RSI(14): 46.31, MACD(8,21,9): -0.001234/-0.001516, Цена: 2.567000 → нет сигнала
2025-05-14 02:57:59,413 - trading - INFO - Профиль XRPUSDT: RSI(14): 50.29, MACD(8,21,9): -0.000837/-0.001380, Цена: 2.569100 → нет сигнала
2025-05-14 02:58:59,420 - trading - INFO - Профиль XRPUSDT: RSI(14): 50.85, MACD(8,21,9): -0.000500/-0.001204, Цена: 2.569400 → нет сигнала
2025-05-14 02:59:59,428 - trading - INFO - Профиль XRPUSDT: RSI(14): 48.12, MACD(8,21,9): -0.000435/-0.001050, Цена: 2.568000 → нет сигнала
2025-05-14 03:00:59,425 - trading - INFO - Профиль XRPUSDT: RSI(14): 47.53, MACD(8,21,9): -0.000420/-0.000924, Цена: 2.567700 → нет сигнала
2025-05-14 03:01:59,412 - trading - INFO - Профиль XRPUSDT: RSI(14): 44.78, MACD(8,21,9): -0.000584/-0.000856, Цена: 2.566300 → нет сигнала
2025-05-14 03:02:59,401 - trading - INFO - Профиль XRPUSDT: RSI(14): 41.12, MACD(8,21,9): -0.000952/-0.000875, Цена: 2.564300 → нет сигнала
2025-05-14 03:03:59,396 - trading - INFO - Профиль XRPUSDT: RSI(14): 53.58, MACD(8,21,9): -0.000391/-0.000778, Цена: 2.570400 → нет сигнала
2025-05-14 03:04:59,401 - trading - INFO - Профиль XRPUSDT: RSI(14): 49.51, MACD(8,21,9): -0.000276/-0.000678, Цена: 2.568200 → нет сигнала
2025-05-14 03:05:59,405 - trading - INFO - Профиль XRPUSDT: RSI(14): 51.50, MACD(8,21,9): -0.000044/-0.000551, Цена: 2.569300 → нет сигнала
2025-05-14 03:06:59,399 - trading - INFO - Профиль XRPUSDT: RSI(14): 46.49, MACD(8,21,9): -0.000247/-0.000490, Цена: 2.566500 → нет сигнала
2025-05-14 03:07:59,395 - trading - INFO - Профиль XRPUSDT: RSI(14): 42.81, MACD(8,21,9): -0.000688/-0.000530, Цена: 2.564200 → нет сигнала
2025-05-14 03:08:59,400 - trading - INFO - Профиль XRPUSDT: RSI(14): 56.52, MACD(8,21,9): 0.000131/-0.000398, Цена: 2.572700 → нет сигнала
2025-05-14 03:09:59,412 - trading - INFO - Профиль XRPUSDT: RSI(14): 59.70, MACD(8,21,9): 0.001048/-0.000108, Цена: 2.575300 → нет сигнала
2025-05-14 03:10:59,385 - trading - INFO - Профиль XRPUSDT: RSI(14): 57.77, MACD(8,21,9): 0.001531/0.000220, Цена: 2.574200 → нет сигнала
2025-05-14 03:11:59,398 - trading - INFO - Профиль XRPUSDT: RSI(14): 53.86, MACD(8,21,9): 0.001540/0.000484, Цена: 2.571900 → нет сигнала
2025-05-14 03:12:59,390 - trading - INFO - Профиль XRPUSDT: RSI(14): 58.94, MACD(8,21,9): 0.002027/0.000792, Цена: 2.575800 → нет сигнала
2025-05-14 03:13:59,377 - trading - INFO - Профиль XRPUSDT: RSI(14): 62.58, MACD(8,21,9): 0.002751/0.001184, Цена: 2.579000 → нет сигнала
2025-05-14 03:14:59,403 - trading - INFO - Профиль XRPUSDT: RSI(14): 65.27, MACD(8,21,9): 0.003548/0.001657, Цена: 2.581600 → нет сигнала
2025-05-14 03:15:59,372 - trading - INFO - Профиль XRPUSDT: RSI(14): 69.78, MACD(8,21,9): 0.004697/0.002265, Цена: 2.586600 → нет сигнала
2025-05-14 03:16:59,398 - trading - INFO - Профиль XRPUSDT: RSI(14): 68.06, MACD(8,21,9): 0.005296/0.002871, Цена: 2.585700 → нет сигнала
2025-05-14 03:17:59,373 - trading - INFO - Профиль XRPUSDT: RSI(14): 71.64, MACD(8,21,9): 0.006178/0.003533, Цена: 2.590000 → СИГНАЛ НА ПРОДАЖУ
2025-05-14 03:18:00,738 - trading - WARNING - Недостаточно средств для продажи: 0.0 < 0.1
2025-05-14 03:18:59,377 - trading - INFO - Профиль XRPUSDT: RSI(14): 63.61, MACD(8,21,9): 0.006085/0.004043, Цена: 2.585500 → нет сигнала
2025-05-14 03:19:59,367 - trading - INFO - Профиль XRPUSDT: RSI(14): 55.69, MACD(8,21,9): 0.005201/0.004275, Цена: 2.580200 → нет сигнала
2025-05-14 03:20:59,379 - trading - INFO - Профиль XRPUSDT: RSI(14): 56.99, MACD(8,21,9): 0.004628/0.004345, Цена: 2.581400 → нет сигнала
2025-05-14 03:21:59,358 - trading - INFO - Профиль XRPUSDT: RSI(14): 57.78, MACD(8,21,9): 0.004222/0.004321, Цена: 2.582100 → нет сигнала
2025-05-14 03:22:59,364 - trading - INFO - Профиль XRPUSDT: RSI(14): 52.49, MACD(8,21,9): 0.003376/0.004132, Цена: 2.578500 → нет сигнала
2025-05-14 03:23:59,361 - trading - INFO - Профиль XRPUSDT: RSI(14): 55.65, MACD(8,21,9): 0.003051/0.003916, Цена: 2.581100 → нет сигнала
2025-05-14 03:24:59,367 - trading - INFO - Профиль XRPUSDT: RSI(14): 52.75, MACD(8,21,9): 0.002498/0.003632, Цена: 2.579100 → нет сигнала
2025-05-14 03:25:59,361 - trading - INFO - Профиль XRPUSDT: RSI(14): 55.02, MACD(8,21,9): 0.002292/0.003364, Цена: 2.580900 → нет сигнала
2025-05-14 03:26:59,354 - trading - INFO - Профиль XRPUSDT: RSI(14): 51.74, MACD(8,21,9): 0.001811/0.003054, Цена: 2.578700 → нет сигнала
2025-05-14 03:27:59,373 - trading - INFO - Профиль XRPUSDT: RSI(14): 48.10, MACD(8,21,9): 0.001094/0.002662, Цена: 2.576100 → нет сигнала
2025-05-14 03:28:59,353 - trading - INFO - Профиль XRPUSDT: RSI(14): 47.68, MACD(8,21,9): 0.000524/0.002234, Цена: 2.575800 → нет сигнала
2025-05-14 03:29:59,396 - trading - INFO - Профиль XRPUSDT: RSI(14): 51.32, MACD(8,21,9): 0.000427/0.001873, Цена: 2.578200 → нет сигнала
2025-05-14 03:30:59,341 - trading - INFO - Профиль XRPUSDT: RSI(14): 58.67, MACD(8,21,9): 0.001097/0.001718, Цена: 2.583900 → нет сигнала
2025-05-14 03:31:59,343 - trading - INFO - Профиль XRPUSDT: RSI(14): 62.23, MACD(8,21,9): 0.001983/0.001771, Цена: 2.587200 → нет сигнала
2025-05-14 03:32:59,335 - trading - INFO - Профиль XRPUSDT: RSI(14): 62.44, MACD(8,21,9): 0.002595/0.001936, Цена: 2.587400 → нет сигнала
2025-05-14 03:33:59,345 - trading - INFO - Профиль XRPUSDT: RSI(14): 66.74, MACD(8,21,9): 0.003540/0.002256, Цена: 2.591700 → нет сигнала
2025-05-14 03:34:59,348 - trading - INFO - Профиль XRPUSDT: RSI(14): 66.84, MACD(8,21,9): 0.004150/0.002635, Цена: 2.591800 → нет сигнала
2025-05-14 03:35:59,337 - trading - INFO - Профиль XRPUSDT: RSI(14): 63.33, MACD(8,21,9): 0.004261/0.002960, Цена: 2.590000 → нет сигнала
2025-05-14 03:36:59,336 - trading - INFO - Профиль XRPUSDT: RSI(14): 66.96, MACD(8,21,9): 0.004713/0.003311, Цена: 2.593500 → нет сигнала
2025-05-14 03:37:59,323 - trading - INFO - Профиль XRPUSDT: RSI(14): 69.30, MACD(8,21,9): 0.005266/0.003702, Цена: 2.596000 → нет сигнала
2025-05-14 03:38:59,344 - trading - INFO - Профиль XRPUSDT: RSI(14): 58.73, MACD(8,21,9): 0.004775/0.003917, Цена: 2.590100 → нет сигнала
2025-05-14 03:39:59,320 - trading - INFO - Профиль XRPUSDT: RSI(14): 58.96, MACD(8,21,9): 0.004359/0.004005, Цена: 2.590300 → нет сигнала
2025-05-14 03:40:59,320 - trading - INFO - Профиль XRPUSDT: RSI(14): 60.38, MACD(8,21,9): 0.004133/0.004031, Цена: 2.591500 → нет сигнала
2025-05-14 03:41:59,323 - trading - INFO - Профиль XRPUSDT: RSI(14): 61.57, MACD(8,21,9): 0.004022/0.004029, Цена: 2.592500 → нет сигнала
2025-05-14 03:42:59,317 - trading - INFO - Профиль XRPUSDT: RSI(14): 54.82, MACD(8,21,9): 0.003363/0.003896, Цена: 2.588700 → нет сигнала
2025-05-14 03:43:59,308 - trading - INFO - Профиль XRPUSDT: RSI(14): 60.57, MACD(8,21,9): 0.003446/0.003806, Цена: 2.593400 → нет сигнала
2025-05-14 03:44:59,328 - trading - INFO - Профиль XRPUSDT: RSI(14): 58.36, MACD(8,21,9): 0.003265/0.003697, Цена: 2.592100 → нет сигнала
2025-05-14 03:45:59,314 - trading - INFO - Профиль XRPUSDT: RSI(14): 52.34, MACD(8,21,9): 0.002571/0.003472, Цена: 2.588300 → нет сигнала
2025-05-14 03:46:59,319 - trading - INFO - Профиль XRPUSDT: RSI(14): 48.38, MACD(8,21,9): 0.001661/0.003110, Цена: 2.585500 → нет сигнала
2025-05-14 03:47:59,301 - trading - INFO - Профиль XRPUSDT: RSI(14): 48.38, MACD(8,21,9): 0.000985/0.002685, Цена: 2.585500 → нет сигнала
2025-05-14 03:48:59,300 - trading - INFO - Профиль XRPUSDT: RSI(14): 42.51, MACD(8,21,9): -0.000092/0.002130, Цена: 2.581100 → нет сигнала
2025-05-14 03:49:59,303 - trading - INFO - Профиль XRPUSDT: RSI(14): 33.32, MACD(8,21,9): -0.002072/0.001289, Цена: 2.571800 → нет сигнала
2025-05-14 03:50:59,298 - trading - INFO - Профиль XRPUSDT: RSI(14): 30.15, MACD(8,21,9): -0.003982/0.000235, Цена: 2.567600 → нет сигнала
2025-05-14 03:51:59,296 - trading - INFO - Профиль XRPUSDT: RSI(14): 36.50, MACD(8,21,9): -0.004714/-0.000755, Цена: 2.571700 → нет сигнала
2025-05-14 03:52:59,299 - trading - INFO - Профиль XRPUSDT: RSI(14): 32.13, MACD(8,21,9): -0.005884/-0.001781, Цена: 2.566000 → нет сигнала
2025-05-14 03:53:59,298 - trading - INFO - Профиль XRPUSDT: RSI(14): 30.94, MACD(8,21,9): -0.006816/-0.002788, Цена: 2.564300 → нет сигнала
2025-05-14 03:54:59,296 - trading - INFO - Профиль XRPUSDT: RSI(14): 31.58, MACD(8,21,9): -0.007285/-0.003687, Цена: 2.564700 → нет сигнала
2025-05-14 03:55:59,287 - trading - INFO - Профиль XRPUSDT: RSI(14): 30.81, MACD(8,21,9): -0.007601/-0.004470, Цена: 2.563700 → нет сигнала
2025-05-14 03:56:59,284 - trading - INFO - Профиль XRPUSDT: RSI(14): 31.17, MACD(8,21,9): -0.007644/-0.005105, Цена: 2.563900 → нет сигнала
2025-05-14 03:57:59,302 - trading - INFO - Профиль XRPUSDT: RSI(14): 33.06, MACD(8,21,9): -0.007389/-0.005561, Цена: 2.564900 → нет сигнала
2025-05-14 03:58:59,280 - trading - INFO - Профиль XRPUSDT: RSI(14): 36.44, MACD(8,21,9): -0.006823/-0.005814, Цена: 2.566700 → нет сигнала
2025-05-14 03:59:59,320 - trading - INFO - Профиль XRPUSDT: RSI(14): 33.97, MACD(8,21,9): -0.006600/-0.005971, Цена: 2.564300 → нет сигнала
2025-05-14 04:00:59,268 - trading - INFO - Профиль XRPUSDT: RSI(14): 40.63, MACD(8,21,9): -0.005823/-0.005941, Цена: 2.568000 → нет сигнала
2025-05-14 04:01:59,269 - trading - INFO - Профиль XRPUSDT: RSI(14): 37.65, MACD(8,21,9): -0.005511/-0.005855, Цена: 2.565300 → нет сигнала
2025-05-14 04:02:59,269 - trading - INFO - Профиль XRPUSDT: RSI(14): 29.52, MACD(8,21,9): -0.006413/-0.005967, Цена: 2.555900 → СИГНАЛ НА ПОКУПКУ
2025-05-14 04:03:00,641 - trading - INFO - Покупка: 2.900000 XRP по средней цене 2.555300 USDT. Потрачено: 7.410370 USDT. Комиссия: 0.002900 XRP.
2025-05-14 04:03:59,265 - trading - INFO - Профиль XRPUSDT: RSI(14): 30.21, MACD(8,21,9): -0.006869/-0.006147, Цена: 2.556300 → нет сигнала
2025-05-14 04:04:59,270 - trading - INFO - Профиль XRPUSDT: RSI(14): 32.87, MACD(8,21,9): -0.006855/-0.006289, Цена: 2.557800 → нет сигнала
2025-05-14 04:05:59,274 - trading - INFO - Профиль XRPUSDT: RSI(14): 33.59, MACD(8,21,9): -0.006655/-0.006362, Цена: 2.558200 → нет сигнала
2025-05-14 04:06:59,263 - trading - INFO - Профиль XRPUSDT: RSI(14): 30.41, MACD(8,21,9): -0.006851/-0.006460, Цена: 2.554600 → нет сигнала
2025-05-14 04:07:59,263 - trading - INFO - Профиль XRPUSDT: RSI(14): 33.79, MACD(8,21,9): -0.006616/-0.006491, Цена: 2.556400 → нет сигнала
2025-05-14 04:08:59,273 - trading - INFO - Профиль XRPUSDT: RSI(14): 26.72, MACD(8,21,9): -0.007510/-0.006695, Цена: 2.547300 → СИГНАЛ НА ПОКУПКУ
2025-05-14 04:09:00,701 - trading - WARNING - Недостаточно средств для покупки: 0.0 < 0.1
2025-05-14 04:09:59,255 - trading - INFO - Профиль XRPUSDT: RSI(14): 25.89, MACD(8,21,9): -0.008162/-0.006988, Цена: 2.546000 → СИГНАЛ НА ПОКУПКУ
2025-05-14 04:10:00,239 - trading - WARNING - Недостаточно средств для покупки: 0.0 < 0.1
2025-05-14 04:10:59,257 - trading - INFO - Профиль XRPUSDT: RSI(14): 26.64, MACD(8,21,9): -0.008405/-0.007271, Цена: 2.546400 → СИГНАЛ НА ПОКУПКУ
2025-05-14 04:11:00,260 - trading - WARNING - Недостаточно средств для покупки: 0.0 < 0.1
2025-05-14 04:11:59,248 - trading - INFO - Профиль XRPUSDT: RSI(14): 32.58, MACD(8,21,9): -0.007987/-0.007415, Цена: 2.549600 → нет сигнала
2025-05-14 04:12:59,243 - trading - INFO - Профиль XRPUSDT: RSI(14): 40.09, MACD(8,21,9): -0.006926/-0.007317, Цена: 2.554200 → нет сигнала
2025-05-14 04:13:59,254 - trading - INFO - Профиль XRPUSDT: RSI(14): 39.07, MACD(8,21,9): -0.006167/-0.007087, Цена: 2.553200 → нет сигнала
2025-05-14 04:14:59,263 - trading - INFO - Профиль XRPUSDT: RSI(14): 42.68, MACD(8,21,9): -0.005204/-0.006710, Цена: 2.555500 → нет сигнала
2025-05-14 04:15:59,242 - trading - INFO - Профиль XRPUSDT: RSI(14): 39.30, MACD(8,21,9): -0.004825/-0.006333, Цена: 2.552400 → нет сигнала
2025-05-14 04:16:59,247 - trading - INFO - Профиль XRPUSDT: RSI(14): 42.47, MACD(8,21,9): -0.004197/-0.005906, Цена: 2.554400 → нет сигнала
2025-05-14 04:17:59,235 - trading - INFO - Профиль XRPUSDT: RSI(14): 42.00, MACD(8,21,9): -0.003720/-0.005469, Цена: 2.554000 → нет сигнала
2025-05-14 04:18:59,238 - trading - INFO - Профиль XRPUSDT: RSI(14): 40.90, MACD(8,21,9): -0.003427/-0.005060, Цена: 2.553100 → нет сигнала
2025-05-14 04:19:59,232 - trading - INFO - Профиль XRPUSDT: RSI(14): 47.92, MACD(8,21,9): -0.002585/-0.004565, Цена: 2.557400 → нет сигнала
2025-05-14 04:20:59,229 - trading - INFO - Профиль XRPUSDT: RSI(14): 48.38, MACD(8,21,9): -0.001898/-0.004032, Цена: 2.557700 → нет сигнала
2025-05-14 04:21:59,230 - trading - INFO - Профиль XRPUSDT: RSI(14): 47.92, MACD(8,21,9): -0.001414/-0.003508, Цена: 2.557400 → нет сигнала
2025-05-14 04:22:59,249 - trading - INFO - Профиль XRPUSDT: RSI(14): 49.30, MACD(8,21,9): -0.000938/-0.002994, Цена: 2.558200 → нет сигнала
2025-05-14 04:23:59,230 - trading - INFO - Профиль XRPUSDT: RSI(14): 45.72, MACD(8,21,9): -0.000871/-0.002570, Цена: 2.556000 → нет сигнала
2025-05-14 04:24:59,220 - trading - INFO - Профиль XRPUSDT: RSI(14): 40.42, MACD(8,21,9): -0.001292/-0.002314, Цена: 2.552300 → нет сигнала
2025-05-14 04:25:59,221 - trading - INFO - Профиль XRPUSDT: RSI(14): 38.22, MACD(8,21,9): -0.001787/-0.002209, Цена: 2.550600 → нет сигнала
2025-05-14 04:26:59,224 - trading - INFO - Профиль XRPUSDT: RSI(14): 36.83, MACD(8,21,9): -0.002245/-0.002216, Цена: 2.549500 → нет сигнала
2025-05-14 04:27:59,214 - trading - INFO - Профиль XRPUSDT: RSI(14): 39.22, MACD(8,21,9): -0.002379/-0.002249, Цена: 2.550600 → нет сигнала
2025-05-14 04:28:59,209 - trading - INFO - Профиль XRPUSDT: RSI(14): 36.77, MACD(8,21,9): -0.002662/-0.002331, Цена: 2.548800 → нет сигнала
2025-05-14 04:29:59,226 - trading - INFO - Профиль XRPUSDT: RSI(14): 33.17, MACD(8,21,9): -0.003190/-0.002503, Цена: 2.545900 → нет сигнала
2025-05-14 04:30:59,210 - trading - INFO - Профиль XRPUSDT: RSI(14): 31.57, MACD(8,21,9): -0.003682/-0.002739, Цена: 2.544500 → нет сигнала
2025-05-14 04:31:59,224 - trading - INFO - Профиль XRPUSDT: RSI(14): 41.01, MACD(8,21,9): -0.003391/-0.002869, Цена: 2.548800 → нет сигнала
2025-05-14 04:32:59,207 - trading - INFO - Профиль XRPUSDT: RSI(14): 45.87, MACD(8,21,9): -0.002775/-0.002850, Цена: 2.551400 → нет сигнала
2025-05-14 04:33:59,209 - trading - INFO - Профиль XRPUSDT: RSI(14): 49.65, MACD(8,21,9): -0.001995/-0.002679, Цена: 2.553600 → нет сигнала
2025-05-14 04:34:59,218 - trading - INFO - Профиль XRPUSDT: RSI(14): 49.48, MACD(8,21,9): -0.001416/-0.002427, Цена: 2.553500 → нет сигнала
2025-05-14 04:35:59,198 - trading - INFO - Профиль XRPUSDT: RSI(14): 52.28, MACD(8,21,9): -0.000768/-0.002095, Цена: 2.555100 → нет сигнала
2025-05-14 04:36:59,202 - trading - INFO - Профиль XRPUSDT: RSI(14): 51.89, MACD(8,21,9): -0.000321/-0.001740, Цена: 2.554900 → нет сигнала
2025-05-14 04:37:59,194 - trading - INFO - Профиль XRPUSDT: RSI(14): 56.88, MACD(8,21,9): 0.000383/-0.001315, Цена: 2.557800 → нет сигнала
2025-05-14 04:38:59,192 - trading - INFO - Профиль XRPUSDT: RSI(14): 55.39, MACD(8,21,9): 0.000781/-0.000896, Цена: 2.557100 → нет сигнала
2025-05-14 04:39:32,456 - trading - INFO - Логгер 'trading_activity' успешно настроен.
2025-05-14 04:47:55,310 - trading - INFO - Логгер 'trading_activity' успешно настроен.
2025-05-14 04:49:59,185 - trading - INFO - ⛔ Продажа по мин. профиту отменена для XRPUSDT: куплено по 2.5553, сейчас 2.5578, нужно >= 2.5604 (мин. профит 0.20%)
2025-05-14 04:49:59,249 - trading - INFO - Профиль XRPUSDT: RSI(14): 49.98, MACD(8,21,9): 0.001014/0.001777, Цена: 2.557800 → нет сигнала
2025-05-14 04:49:59,251 - trading - INFO - ⛔ Продажа по мин. профиту отменена для XRPUSDT: куплено по 2.5553, сейчас 2.5578, нужно >= 2.5604 (мин. профит 0.20%)
2025-05-14 04:50:59,181 - trading - INFO - ⛔ Продажа по мин. профиту отменена для XRPUSDT: куплено по 2.5553, сейчас 2.5558, нужно >= 2.5604 (мин. профит 0.20%)
2025-05-14 04:50:59,181 - trading - INFO - Профиль XRPUSDT: RSI(14): 45.04, MACD(8,21,9): 0.000493/0.001520, Цена: 2.555800 → нет сигнала
2025-05-14 04:50:59,182 - trading - INFO - ⛔ Продажа по мин. профиту отменена для XRPUSDT: куплено по 2.5553, сейчас 2.5558, нужно >= 2.5604 (мин. профит 0.20%)
2025-05-14 04:51:59,174 - trading - INFO - ⛔ Продажа по мин. профиту отменена для XRPUSDT: куплено по 2.5553, сейчас 2.5550, нужно >= 2.5604 (мин. профит 0.20%)
2025-05-14 04:51:59,174 - trading - INFO - Профиль XRPUSDT: RSI(14): 43.20, MACD(8,21,9): 0.000009/0.001218, Цена: 2.555000 → нет сигнала
2025-05-14 04:51:59,175 - trading - INFO - ⛔ Продажа по мин. профиту отменена для XRPUSDT: куплено по 2.5553, сейчас 2.5550, нужно >= 2.5604 (мин. профит 0.20%)
2025-05-14 04:52:59,166 - trading - INFO - ⛔ Продажа по мин. профиту отменена для XRPUSDT: куплено по 2.5553, сейчас 2.5538, нужно >= 2.5604 (мин. профит 0.20%)
2025-05-14 04:52:59,167 - trading - INFO - Профиль XRPUSDT: RSI(14): 40.53, MACD(8,21,9): -0.000490/0.000877, Цена: 2.553800 → нет сигнала
2025-05-14 04:52:59,167 - trading - INFO - ⛔ Продажа по мин. профиту отменена для XRPUSDT: куплено по 2.5553, сейчас 2.5538, нужно >= 2.5604 (мин. профит 0.20%)
2025-05-14 04:53:59,174 - trading - INFO - ⛔ Продажа по мин. профиту отменена для XRPUSDT: куплено по 2.5553, сейчас 2.5530, нужно >= 2.5604 (мин. профит 0.20%)
2025-05-14 04:53:59,175 - trading - INFO - Профиль XRPUSDT: RSI(14): 38.81, MACD(8,21,9): -0.000939/0.000514, Цена: 2.553000 → нет сигнала
2025-05-14 04:53:59,175 - trading - INFO - ⛔ Продажа по мин. профиту отменена для XRPUSDT: куплено по 2.5553, сейчас 2.5530, нужно >= 2.5604 (мин. профит 0.20%)
2025-05-14 04:54:59,161 - trading - INFO - ⛔ Продажа по мин. профиту отменена для XRPUSDT: куплено по 2.5553, сейчас 2.5532, нужно >= 2.5604 (мин. профит 0.20%)
2025-05-14 04:54:59,161 - trading - INFO - Профиль XRPUSDT: RSI(14): 39.50, MACD(8,21,9): -0.001210/0.000169, Цена: 2.553200 → нет сигнала
2025-05-14 04:54:59,162 - trading - INFO - ⛔ Продажа по мин. профиту отменена для XRPUSDT: куплено по 2.5553, сейчас 2.5532, нужно >= 2.5604 (мин. профит 0.20%)
2025-05-14 04:55:59,156 - trading - INFO - ⛔ Продажа по мин. профиту отменена для XRPUSDT: куплено по 2.5553, сейчас 2.5526, нужно >= 2.5604 (мин. профит 0.20%)
2025-05-14 04:55:59,156 - trading - INFO - Профиль XRPUSDT: RSI(14): 38.11, MACD(8,21,9): -0.001457/-0.000156, Цена: 2.552600 → нет сигнала
2025-05-14 04:55:59,157 - trading - INFO - ⛔ Продажа по мин. профиту отменена для XRPUSDT: куплено по 2.5553, сейчас 2.5526, нужно >= 2.5604 (мин. профит 0.20%)
2025-05-14 04:56:59,184 - trading - INFO - ⛔ Продажа по мин. профиту отменена для XRPUSDT: куплено по 2.5553, сейчас 2.5537, нужно >= 2.5604 (мин. профит 0.20%)
2025-05-14 04:56:59,184 - trading - INFO - Профиль XRPUSDT: RSI(14): 42.14, MACD(8,21,9): -0.001457/-0.000417, Цена: 2.553700 → нет сигнала
2025-05-14 04:56:59,185 - trading - INFO - ⛔ Продажа по мин. профиту отменена для XRPUSDT: куплено по 2.5553, сейчас 2.5537, нужно >= 2.5604 (мин. профит 0.20%)
2025-05-14 04:57:59,159 - trading - INFO - ⛔ Продажа по мин. профиту отменена для XRPUSDT: куплено по 2.5553, сейчас 2.5564, нужно >= 2.5604 (мин. профит 0.20%)
2025-05-14 04:57:59,159 - trading - INFO - Профиль XRPUSDT: RSI(14): 50.63, MACD(8,21,9): -0.001074/-0.000548, Цена: 2.556400 → нет сигнала
2025-05-14 04:57:59,160 - trading - INFO - ⛔ Продажа по мин. профиту отменена для XRPUSDT: куплено по 2.5553, сейчас 2.5564, нужно >= 2.5604 (мин. профит 0.20%)
2025-05-14 04:58:59,150 - trading - INFO - ⛔ Продажа по мин. профиту отменена для XRPUSDT: куплено по 2.5553, сейчас 2.5579, нужно >= 2.5604 (мин. профит 0.20%)
2025-05-14 04:58:59,150 - trading - INFO - Профиль XRPUSDT: RSI(14): 54.62, MACD(8,21,9): -0.000584/-0.000555, Цена: 2.557900 → нет сигнала
2025-05-14 04:58:59,151 - trading - INFO - ⛔ Продажа по мин. профиту отменена для XRPUSDT: куплено по 2.5553, сейчас 2.5579, нужно >= 2.5604 (мин. профит 0.20%)
2025-05-14 04:59:59,189 - trading - INFO - ⛔ Продажа по мин. профиту отменена для XRPUSDT: куплено по 2.5553, сейчас 2.5550, нужно >= 2.5604 (мин. профит 0.20%)
2025-05-14 04:59:59,190 - trading - INFO - Профиль XRPUSDT: RSI(14): 46.76, MACD(8,21,9): -0.000606/-0.000565, Цена: 2.555000 → нет сигнала
2025-05-14 04:59:59,190 - trading - INFO - ⛔ Продажа по мин. профиту отменена для XRPUSDT: куплено по 2.5553, сейчас 2.5550, нужно >= 2.5604 (мин. профит 0.20%)
2025-05-14 05:00:59,147 - trading - INFO - ⛔ Продажа по мин. профиту отменена для XRPUSDT: куплено по 2.5553, сейчас 2.5557, нужно >= 2.5604 (мин. профит 0.20%)
2025-05-14 05:00:59,147 - trading - INFO - Профиль XRPUSDT: RSI(14): 48.68, MACD(8,21,9): -0.000518/-0.000556, Цена: 2.555700 → нет сигнала
2025-05-14 05:00:59,148 - trading - INFO - ⛔ Продажа по мин. профиту отменена для XRPUSDT: куплено по 2.5553, сейчас 2.5557, нужно >= 2.5604 (мин. профит 0.20%)
2025-05-14 05:01:59,157 - trading - INFO - ⛔ Продажа по мин. профиту отменена для XRPUSDT: куплено по 2.5553, сейчас 2.5537, нужно >= 2.5604 (мин. профит 0.20%)
2025-05-14 05:01:59,157 - trading - INFO - Профиль XRPUSDT: RSI(14): 43.82, MACD(8,21,9): -0.000708/-0.000586, Цена: 2.553700 → нет сигнала
2025-05-14 05:01:59,158 - trading - INFO - ⛔ Продажа по мин. профиту отменена для XRPUSDT: куплено по 2.5553, сейчас 2.5537, нужно >= 2.5604 (мин. профит 0.20%)
2025-05-14 05:02:59,144 - trading - INFO - ⛔ Продажа по мин. профиту отменена для XRPUSDT: куплено по 2.5553, сейчас 2.5545, нужно >= 2.5604 (мин. профит 0.20%)
2025-05-14 05:02:59,145 - trading - INFO - Профиль XRPUSDT: RSI(14): 46.13, MACD(8,21,9): -0.000723/-0.000614, Цена: 2.554500 → нет сигнала
2025-05-14 05:02:59,145 - trading - INFO - ⛔ Продажа по мин. профиту отменена для XRPUSDT: куплено по 2.5553, сейчас 2.5545, нужно >= 2.5604 (мин. профит 0.20%)
2025-05-14 05:03:59,138 - trading - INFO - ⛔ Продажа по мин. профиту отменена для XRPUSDT: куплено по 2.5553, сейчас 2.5495, нужно >= 2.5604 (мин. профит 0.20%)
2025-05-14 05:03:59,139 - trading - INFO - Профиль XRPUSDT: RSI(14): 36.11, MACD(8,21,9): -0.001375/-0.000766, Цена: 2.549500 → нет сигнала
2025-05-14 05:03:59,140 - trading - INFO - ⛔ Продажа по мин. профиту отменена для XRPUSDT: куплено по 2.5553, сейчас 2.5495, нужно >= 2.5604 (мин. профит 0.20%)
2025-05-14 05:04:59,147 - trading - INFO - ⛔ Продажа по мин. профиту отменена для XRPUSDT: куплено по 2.5553, сейчас 2.5536, нужно >= 2.5604 (мин. профит 0.20%)
2025-05-14 05:04:59,147 - trading - INFO - Профиль XRPUSDT: RSI(14): 46.40, MACD(8,21,9): -0.001270/-0.000867, Цена: 2.553600 → нет сигнала
2025-05-14 05:04:59,148 - trading - INFO - ⛔ Продажа по мин. профиту отменена для XRPUSDT: куплено по 2.5553, сейчас 2.5536, нужно >= 2.5604 (мин. профит 0.20%)
2025-05-14 05:05:59,148 - trading - INFO - ⛔ Продажа по мин. профиту отменена для XRPUSDT: куплено по 2.5553, сейчас 2.5485, нужно >= 2.5604 (мин. профит 0.20%)
2025-05-14 05:05:59,148 - trading - INFO - Профиль XRPUSDT: RSI(14): 38.16, MACD(8,21,9): -0.001840/-0.001062, Цена: 2.548500 → нет сигнала
2025-05-14 05:05:59,149 - trading - INFO - ⛔ Продажа по мин. профиту отменена для XRPUSDT: куплено по 2.5553, сейчас 2.5485, нужно >= 2.5604 (мин. профит 0.20%)
2025-05-14 05:06:59,132 - trading - INFO - ⛔ Продажа по мин. профиту отменена для XRPUSDT: куплено по 2.5553, сейчас 2.5456, нужно >= 2.5604 (мин. профит 0.20%)
2025-05-14 05:06:59,133 - trading - INFO - Профиль XRPUSDT: RSI(14): 34.42, MACD(8,21,9): -0.002587/-0.001367, Цена: 2.545600 → нет сигнала
2025-05-14 05:06:59,134 - trading - INFO - ⛔ Продажа по мин. профиту отменена для XRPUSDT: куплено по 2.5553, сейчас 2.5456, нужно >= 2.5604 (мин. профит 0.20%)
2025-05-14 05:07:59,138 - trading - INFO - ⛔ Продажа по мин. профиту отменена для XRPUSDT: куплено по 2.5553, сейчас 2.5474, нужно >= 2.5604 (мин. профит 0.20%)
2025-05-14 05:07:59,138 - trading - INFO - Профиль XRPUSDT: RSI(14): 38.46, MACD(8,21,9): -0.002826/-0.001658, Цена: 2.547400 → нет сигнала
2025-05-14 05:07:59,139 - trading - INFO - ⛔ Продажа по мин. профиту отменена для XRPUSDT: куплено по 2.5553, сейчас 2.5474, нужно >= 2.5604 (мин. профит 0.20%)
2025-05-14 05:08:30,062 - trading - INFO - Логгер 'trading_activity' успешно настроен.
2025-05-14 05:08:59,130 - trading - INFO - ⛔ Продажа по мин. профиту отменена для XRPUSDT: куплено по 2.5553, сейчас 2.5519, нужно >= 2.5604 (мин. профит 0.20%)
2025-05-14 05:08:59,130 - trading - INFO - Профиль XRPUSDT: RSI(14): 47.28, MACD(8,21,9): -0.002009/-0.001841, Цена: 2.551900 → нет сигнала
2025-05-14 05:08:59,131 - trading - INFO - ⛔ Продажа по мин. профиту отменена для XRPUSDT: куплено по 2.5553, сейчас 2.5519, нужно >= 2.5604 (мин. профит 0.20%)
2025-05-14 05:09:59,137 - trading - INFO - ⛔ Продажа по мин. профиту отменена для XRPUSDT: куплено по 2.5553, сейчас 2.5502, нужно >= 2.5604 (мин. профит 0.20%)
2025-05-14 05:09:59,137 - trading - INFO - Профиль XRPUSDT: RSI(14): 44.54, MACD(8,21,9): -0.001904/-0.001854, Цена: 2.550200 → нет сигнала
2025-05-14 05:09:59,139 - trading - INFO - ⛔ Продажа по мин. профиту отменена для XRPUSDT: куплено по 2.5553, сейчас 2.5502, нужно >= 2.5604 (мин. профит 0.20%)
2025-05-14 05:10:59,127 - trading - INFO - ⛔ Продажа по мин. профиту отменена для XRPUSDT: куплено по 2.5553, сейчас 2.5531, нужно >= 2.5604 (мин. профит 0.20%)
2025-05-14 05:10:59,127 - trading - INFO - Профиль XRPUSDT: RSI(14): 49.88, MACD(8,21,9): -0.001411/-0.001765, Цена: 2.553100 → нет сигнала
2025-05-14 05:10:59,128 - trading - INFO - ⛔ Продажа по мин. профиту отменена для XRPUSDT: куплено по 2.5553, сейчас 2.5531, нужно >= 2.5604 (мин. профит 0.20%)
2025-05-14 05:11:59,121 - trading - INFO - ⛔ Продажа по мин. профиту отменена для XRPUSDT: куплено по 2.5553, сейчас 2.5509, нужно >= 2.5604 (мин. профит 0.20%)
2025-05-14 05:11:59,122 - trading - INFO - Профиль XRPUSDT: RSI(14): 46.24, MACD(8,21,9): -0.001323/-0.001677, Цена: 2.550900 → нет сигнала
2025-05-14 05:11:59,123 - trading - INFO - ⛔ Продажа по мин. профиту отменена для XRPUSDT: куплено по 2.5553, сейчас 2.5509, нужно >= 2.5604 (мин. профит 0.20%)
2025-05-14 05:12:59,127 - trading - INFO - ⛔ Продажа по мин. профиту отменена для XRPUSDT: куплено по 2.5553, сейчас 2.5524, нужно >= 2.5604 (мин. профит 0.20%)
2025-05-14 05:12:59,127 - trading - INFO - Профиль XRPUSDT: RSI(14): 48.97, MACD(8,21,9): -0.001037/-0.001549, Цена: 2.552400 → нет сигнала
2025-05-14 05:12:59,128 - trading - INFO - ⛔ Продажа по мин. профиту отменена для XRPUSDT: куплено по 2.5553, сейчас 2.5524, нужно >= 2.5604 (мин. профит 0.20%)
2025-05-14 05:13:59,119 - trading - INFO - ⛔ Продажа по мин. профиту отменена для XRPUSDT: куплено по 2.5553, сейчас 2.5480, нужно >= 2.5604 (мин. профит 0.20%)
2025-05-14 05:13:59,120 - trading - INFO - Профиль XRPUSDT: RSI(14): 42.20, MACD(8,21,9): -0.001391/-0.001517, Цена: 2.548000 → нет сигнала
2025-05-14 05:13:59,120 - trading - INFO - ⛔ Продажа по мин. профиту отменена для XRPUSDT: куплено по 2.5553, сейчас 2.5480, нужно >= 2.5604 (мин. профит 0.20%)
