2025-05-11 19:43:33,627 - logs/trading_bot_log - INFO - Логгер 'trading_activity' успешно настроен.
2025-05-11 19:44:29,247 - logs/trading_bot_log - INFO - Логгер 'trading_activity' успешно настроен.
2025-05-11 19:48:16,970 - logs/trading_bot_log - INFO - Логгер 'trading_activity' успешно настроен.
2025-05-11 20:01:15,810 - logs/trading_bot_log - INFO - Логгер 'trading_activity' успешно настроен.
2025-05-11 20:01:37,713 - logs/trading_bot_log - INFO - 🚀 Торговля по профилю XRPUSDT запущена
2025-05-11 20:01:59,536 - logs/trading_bot_log - INFO - RSI: 56.19 MACD: 0.001578 → нет сигнала
2025-05-11 20:02:09,757 - logs/trading_bot_log - INFO - 🛑 Торговля отменена пользователем или системой (CancelledError)
2025-05-11 20:04:32,088 - logs/trading_bot_log - INFO - Логгер 'trading_activity' успешно настроен.
2025-05-11 20:04:40,266 - logs/trading_bot_log - INFO - 🚀 Торговля по профилю XRPUSDT запущена
2025-05-11 20:04:59,540 - logs/trading_bot_log - INFO - RSI: 43.48 MACD: 0.000365 → нет сигнала
2025-05-11 20:05:59,546 - logs/trading_bot_log - INFO - RSI: 41.50 MACD: -0.000252 → нет сигнала
2025-05-11 20:06:12,108 - logs/trading_bot_log - INFO - Логгер 'trading_activity' успешно настроен.
2025-05-11 20:06:26,533 - logs/trading_bot_log - INFO - 🚀 Торговля по профилю XRPUSDT запущена
2025-05-11 20:06:59,520 - logs/trading_bot_log - INFO - RSI: 39.78 MACD: -0.000789 → нет сигнала
2025-05-11 20:06:59,526 - logs/trading_bot_log - INFO - RSI: 39.78 MACD: -0.000789 → нет сигнала
2025-05-11 20:07:59,526 - logs/trading_bot_log - INFO - RSI: 38.91 MACD: -0.001204 → нет сигнала
2025-05-11 20:07:59,535 - logs/trading_bot_log - INFO - RSI: 38.91 MACD: -0.001204 → нет сигнала
2025-05-11 20:08:59,537 - logs/trading_bot_log - INFO - RSI: 39.26 MACD: -0.001461 → нет сигнала
2025-05-11 20:08:59,549 - logs/trading_bot_log - INFO - RSI: 39.26 MACD: -0.001461 → нет сигнала
2025-05-11 20:09:59,514 - logs/trading_bot_log - INFO - RSI: 42.20 MACD: -0.001508 → нет сигнала
2025-05-11 20:09:59,515 - logs/trading_bot_log - INFO - RSI: 42.20 MACD: -0.001508 → нет сигнала
2025-05-11 20:10:59,511 - logs/trading_bot_log - INFO - RSI: 40.85 MACD: -0.001576 → нет сигнала
2025-05-11 20:11:59,519 - logs/trading_bot_log - INFO - RSI: 40.03 MACD: -0.001632 → нет сигнала
2025-05-11 20:12:59,511 - logs/trading_bot_log - INFO - RSI: 40.47 MACD: -0.001625 → нет сигнала
2025-05-11 20:13:59,509 - logs/trading_bot_log - INFO - RSI: 38.43 MACD: -0.001680 → нет сигнала
2025-05-11 20:14:59,531 - logs/trading_bot_log - INFO - RSI: 41.18 MACD: -0.001605 → нет сигнала
2025-05-11 20:15:59,506 - logs/trading_bot_log - INFO - RSI: 35.98 MACD: -0.001757 → нет сигнала
2025-05-11 20:16:59,501 - logs/trading_bot_log - INFO - RSI: 53.01 MACD: -0.001198 → нет сигнала
2025-05-11 20:17:59,507 - logs/trading_bot_log - INFO - RSI: 53.57 MACD: -0.000752 → нет сигнала
2025-05-11 20:18:59,495 - logs/trading_bot_log - INFO - RSI: 52.24 MACD: -0.000474 → нет сигнала
2025-05-11 20:19:59,508 - logs/trading_bot_log - INFO - RSI: 59.23 MACD: 0.000078 → нет сигнала
2025-05-11 20:20:59,492 - logs/trading_bot_log - INFO - RSI: 52.30 MACD: 0.000173 → нет сигнала
2025-05-11 20:21:59,493 - logs/trading_bot_log - INFO - RSI: 55.21 MACD: 0.000372 → нет сигнала
2025-05-11 20:22:59,485 - logs/trading_bot_log - INFO - RSI: 54.23 MACD: 0.000475 → нет сигнала
2025-05-11 20:23:59,502 - logs/trading_bot_log - INFO - RSI: 54.80 MACD: 0.000565 → нет сигнала
2025-05-11 20:24:59,497 - logs/trading_bot_log - INFO - RSI: 51.36 MACD: 0.000485 → нет сигнала
2025-05-11 20:25:59,479 - logs/trading_bot_log - INFO - RSI: 56.42 MACD: 0.000642 → нет сигнала
2025-05-11 20:26:59,476 - logs/trading_bot_log - INFO - RSI: 56.72 MACD: 0.000754 → нет сигнала
2025-05-11 20:27:59,478 - logs/trading_bot_log - INFO - RSI: 51.64 MACD: 0.000634 → нет сигнала
2025-05-11 20:28:59,478 - logs/trading_bot_log - INFO - RSI: 48.03 MACD: 0.000391 → нет сигнала
2025-05-11 20:29:59,494 - logs/trading_bot_log - INFO - RSI: 42.24 MACD: -0.000060 → нет сигнала
2025-05-11 20:30:59,466 - logs/trading_bot_log - INFO - RSI: 42.24 MACD: -0.000369 → нет сигнала
2025-05-11 20:31:59,479 - logs/trading_bot_log - INFO - RSI: 37.70 MACD: -0.000803 → нет сигнала
2025-05-11 20:32:59,462 - logs/trading_bot_log - INFO - RSI: 30.03 MACD: -0.001619 → нет сигнала
2025-05-11 20:33:59,464 - logs/trading_bot_log - INFO - RSI: 38.77 MACD: -0.001799 → нет сигнала
2025-05-11 20:34:59,468 - logs/trading_bot_log - INFO - RSI: 46.44 MACD: -0.001557 → нет сигнала
2025-05-11 20:35:59,481 - logs/trading_bot_log - INFO - RSI: 46.19 MACD: -0.001368 → нет сигнала
2025-05-11 20:36:59,465 - logs/trading_bot_log - INFO - RSI: 55.57 MACD: -0.000708 → нет сигнала
2025-05-11 20:37:59,462 - logs/trading_bot_log - INFO - RSI: 62.44 MACD: 0.000260 → нет сигнала
2025-05-11 20:38:59,446 - logs/trading_bot_log - INFO - RSI: 68.16 MACD: 0.001464 → нет сигнала
2025-05-11 20:39:59,456 - logs/trading_bot_log - INFO - RSI: 69.30 MACD: 0.002404 → нет сигнала
2025-05-11 20:40:59,450 - logs/trading_bot_log - INFO - RSI: 69.56 MACD: 0.003046 → нет сигнала
2025-05-11 20:41:59,442 - logs/trading_bot_log - INFO - RSI: 71.50 MACD: 0.003635 → ПРОДАЖА
2025-05-11 20:42:01,016 - logs/trading_bot_log - WARNING - ⛔ Продажа отменена для XRPUSDT: куплено по 2.3705, сейчас 2.3740, нужно ≥ 2.3752
2025-05-11 20:42:01,016 - logs/trading_bot_log - INFO - 📉 Профит слишком мал — отмена продажи
2025-05-11 20:42:59,438 - logs/trading_bot_log - INFO - RSI: 73.67 MACD: 0.004215 → ПРОДАЖА
2025-05-11 20:43:01,223 - logs/trading_bot_log - INFO - Продажа: 3.000000 XRP по средней цене 2.375700 USDT. Получено: 7.127100 USDT. Комиссия: 0.007127 USDT.
2025-05-11 20:43:59,449 - logs/trading_bot_log - INFO - RSI: 71.39 MACD: 0.004448 → ПРОДАЖА
2025-05-11 20:44:00,221 - logs/trading_bot_log - WARNING - Недостаточно средств для продажи: 0.0 < 0.1
2025-05-11 20:44:59,443 - logs/trading_bot_log - INFO - RSI: 62.21 MACD: 0.004116 → нет сигнала
2025-05-11 20:45:59,432 - logs/trading_bot_log - INFO - RSI: 65.45 MACD: 0.004073 → нет сигнала
2025-05-11 20:46:59,441 - logs/trading_bot_log - INFO - RSI: 67.72 MACD: 0.004171 → нет сигнала
2025-05-11 20:47:59,439 - logs/trading_bot_log - INFO - RSI: 70.46 MACD: 0.004432 → ПРОДАЖА
2025-05-11 20:48:00,166 - logs/trading_bot_log - WARNING - Недостаточно средств для продажи: 0.0 < 0.1
2025-05-11 20:48:59,431 - logs/trading_bot_log - INFO - RSI: 72.17 MACD: 0.004711 → ПРОДАЖА
2025-05-11 20:49:00,165 - logs/trading_bot_log - WARNING - Недостаточно средств для продажи: 0.0 < 0.1
2025-05-11 20:49:59,428 - logs/trading_bot_log - INFO - RSI: 71.26 MACD: 0.004773 → ПРОДАЖА
2025-05-11 20:50:00,148 - logs/trading_bot_log - WARNING - Недостаточно средств для продажи: 0.0 < 0.1
2025-05-11 20:50:59,418 - logs/trading_bot_log - INFO - RSI: 71.79 MACD: 0.004773 → ПРОДАЖА
2025-05-11 20:51:00,146 - logs/trading_bot_log - WARNING - Недостаточно средств для продажи: 0.0 < 0.1
2025-05-11 20:51:32,692 - logs/trading_bot_log - INFO - Логгер 'trading_activity' успешно настроен.
2025-05-11 20:54:17,010 - logs/trading_bot_log - INFO - Логгер 'trading_activity' успешно настроен.
2025-05-11 20:55:11,904 - logs/trading_bot_log - INFO - Логгер 'trading_activity' успешно настроен.
2025-05-11 20:55:40,575 - logs/trading_bot_log - INFO - Логгер 'trading_activity' успешно настроен.
2025-05-11 20:56:17,150 - logs/trading_bot_log - INFO - Логгер 'trading_activity' успешно настроен.
2025-05-11 20:59:37,862 - logs/trading_bot_log - INFO - Логгер 'trading_activity' успешно настроен.
2025-05-11 21:00:10,296 - logs/trading_bot_log - INFO - Логгер 'trading_activity' успешно настроен.
2025-05-11 21:00:54,955 - logs/trading_bot_log - INFO - Логгер 'trading_activity' успешно настроен.
2025-05-11 21:03:48,422 - logs/trading_bot_log - INFO - Логгер 'trading_activity' успешно настроен.
2025-05-11 21:06:26,471 - logs/trading_bot_log - INFO - Логгер 'trading_activity' успешно настроен.
2025-05-11 21:07:42,171 - logs/trading_bot_log - INFO - Логгер 'trading_activity' успешно настроен.
2025-05-11 21:07:56,061 - logs/trading_bot_log - INFO - Логгер 'trading_activity' успешно настроен.
2025-05-11 21:08:49,747 - logs/trading_bot_log - INFO - Логгер 'trading_activity' успешно настроен.
2025-05-11 21:08:55,224 - logs/trading_bot_log - INFO - Логгер 'trading_activity' успешно настроен.
2025-05-12 18:13:55,698 - logs/trading_bot_log - INFO - Логгер 'trading_activity' успешно настроен.
2025-05-12 18:14:25,012 - logs/trading_bot_log - INFO - Логгер 'trading_activity' успешно настроен.
2025-05-12 19:09:17,389 - logs/trading_bot_log - INFO - Логгер 'trading_activity' успешно настроен.
2025-05-12 19:12:57,638 - logs/trading_bot_log - INFO - Логгер 'trading_activity' успешно настроен.
2025-05-12 19:18:59,441 - logs/trading_bot_log - INFO - Логгер 'trading_activity' успешно настроен.
2025-05-12 20:14:07,032 - logs/trading_bot_log - INFO - Логгер 'trading_activity' успешно настроен.
